<?xml version="1.0" encoding="UTF-8"?>
<!-- Generated by org.testng.reporters.JUnitReportReporter -->
<testsuite hostname="DESKTOP-8LLUNH4" failures="0" tests="1" name="TESTCASE.VerifyLogin" time="5.595" errors="0" timestamp="2023-05-06T14:49:36 IST" skipped="0">
  <testcase classname="TESTCASE.VerifyLogin" name="login1" time="5.595"/>
  <system-out/>
</testsuite> <!-- TESTCASE.VerifyLogin -->
