<?xml version="1.0" encoding="UTF-8"?>
<!-- Generated by org.testng.reporters.JUnitReportReporter -->
<testsuite hostname="DESKTOP-8LLUNH4" failures="0" tests="1" name="TESTCASE.TestCLASS" time="9.941" errors="0" timestamp="2023-04-27T00:21:03 IST" skipped="0">
  <testcase classname="TESTCASE.TestCLASS" name="login" time="9.941"/>
  <system-out/>
</testsuite> <!-- TESTCASE.TestCLASS -->
