<?xml version="1.0" encoding="UTF-8"?>
<!-- Generated by org.testng.reporters.JUnitReportReporter -->
<testsuite hostname="DESKTOP-8LLUNH4" failures="0" tests="1" name="TESTCASE.VerifySignUp" time="17.690" errors="0" timestamp="2023-05-06T13:58:58 IST" skipped="0">
  <testcase classname="TESTCASE.VerifySignUp" name="signup" time="17.690"/>
  <system-out/>
</testsuite> <!-- TESTCASE.VerifySignUp -->
