<?xml version="1.0" encoding="UTF-8"?>
<!-- Generated by org.testng.reporters.JUnitReportReporter -->
<testsuite hostname="DESKTOP-8LLUNH4" failures="0" tests="1" name="TESTCASE.VerifySignUp" time="15.362" errors="0" timestamp="2023-05-06T14:49:36 IST" skipped="0">
  <testcase classname="TESTCASE.VerifySignUp" name="signup" time="15.362"/>
  <system-out/>
</testsuite> <!-- TESTCASE.VerifySignUp -->
