<?xml version="1.0" encoding="UTF-8"?>
<!-- Generated by org.testng.reporters.JUnitReportReporter -->
<testsuite hostname="DESKTOP-8LLUNH4" failures="0" tests="1" name="TESTCASE.VerifyLogin" time="8.060" errors="0" timestamp="2023-04-27T18:16:37 IST" skipped="0">
  <testcase classname="TESTCASE.VerifyLogin" name="login1" time="8.060"/>
  <system-out/>
</testsuite> <!-- TESTCASE.VerifyLogin -->
