<?xml version="1.0" encoding="UTF-8"?>
<!-- Generated by org.testng.reporters.JUnitReportReporter -->
<testsuite hostname="DESKTOP-8LLUNH4" failures="0" tests="1" name="TESTCASE.VerifySignUp" time="12.286" errors="0" timestamp="2023-04-27T17:27:29 IST" skipped="0">
  <testcase classname="TESTCASE.VerifySignUp" name="signup" time="12.286"/>
  <system-out/>
</testsuite> <!-- TESTCASE.VerifySignUp -->
